# JRE version: OpenJDK Runtime Environment Temurin-17.0.6+10 (17.0.6+10) (build 17.0.6+10)
# Java VM: OpenJDK 64-Bit Server VM Temurin-17.0.6+10 (17.0.6+10, mixed mode, emulated-client, tiered, compressed oops, compressed class ptrs, g1 gc, windows-amd64)
GC Precious Log:
 CPUs: 4 total, 4 available
 Memory: 8072M
 Large Page Support: Disabled
 NUMA Support: Disabled
 Compressed Oops: Enabled (32-bit)
 Heap Region Size: 1M
 Heap Min Capacity: 8M
 Heap Initial Capacity: 128M
 Heap Max Capacity: 1G
 Pre-touch: Disabled
 Parallel Workers: 4
 Concurrent Workers: 1
 Concurrent Refinement Workers: 4
 Periodic GC: Disabled
Heap:
 garbage-first heap   total 232448K, used 97457K [0x00000000c0000000, 0x0000000100000000)
  region size 1024K, 8 young (8192K), 3 survivors (3072K)
 Metaspace       used 71268K, committed 71680K, reserved 1114112K
  class space    used 9733K, committed 9920K, reserved 1048576K
GC Heap History (20 events):
Event: 2963.571 GC heap before
{Heap before GC invocations=231 (full 66):
 garbage-first heap   total 232448K, used 198807K [0x00000000c0000000, 0x0000000100000000)
  region size 1024K, 118 young (120832K), 4 survivors (4096K)
 Metaspace       used 71265K, committed 71680K, reserved 1114112K
  class space    used 9733K, committed 9920K, reserved 1048576K
}
Event: 2963.576 GC heap after
{Heap after GC invocations=232 (full 66):
 garbage-first heap   total 232448K, used 81372K [0x00000000c0000000, 0x0000000100000000)
  region size 1024K, 3 young (3072K), 3 survivors (3072K)
 Metaspace       used 71265K, committed 71680K, reserved 1114112K
  class space    used 9733K, committed 9920K, reserved 1048576K
}
Event: 2966.035 GC heap before
{Heap before GC invocations=232 (full 66):
 garbage-first heap   total 232448K, used 201180K [0x00000000c0000000, 0x0000000100000000)
  region size 1024K, 118 young (120832K), 3 survivors (3072K)
 Metaspace       used 71268K, committed 71680K, reserved 1114112K
  class space    used 9733K, committed 9920K, reserved 1048576K
}
Event: 2966.049 GC heap after
{Heap after GC invocations=233 (full 66):
 garbage-first heap   total 232448K, used 90875K [0x00000000c0000000, 0x0000000100000000)
  region size 1024K, 10 young (10240K), 10 survivors (10240K)
 Metaspace       used 71268K, committed 71680K, reserved 1114112K
  class space    used 9733K, committed 9920K, reserved 1048576K
}
Event: 2968.764 GC heap before
{Heap before GC invocations=233 (full 66):
 garbage-first heap   total 232448K, used 190203K [0x00000000c0000000, 0x0000000100000000)
  region size 1024K, 108 young (110592K), 10 survivors (10240K)
 Metaspace       used 71268K, committed 71680K, reserved 1114112K
  class space    used 9733K, committed 9920K, reserved 1048576K
}
Event: 2968.800 GC heap after
{Heap after GC invocations=234 (full 66):
 garbage-first heap   total 232448K, used 92713K [0x00000000c0000000, 0x0000000100000000)
  region size 1024K, 3 young (3072K), 3 survivors (3072K)
 Metaspace       used 71268K, committed 71680K, reserved 1114112K
  class space    used 9733K, committed 9920K, reserved 1048576K
}
Event: 2973.248 GC heap before
{Heap before GC invocations=234 (full 66):
 garbage-first heap   total 232448K, used 193065K [0x00000000c0000000, 0x0000000100000000)
  region size 1024K, 101 young (103424K), 3 survivors (3072K)
 Metaspace       used 71268K, committed 71680K, reserved 1114112K
  class space    used 9733K, committed 9920K, reserved 1048576K
}
Event: 2973.250 GC heap after
{Heap after GC invocations=235 (full 66):
 garbage-first heap   total 232448K, used 92040K [0x00000000c0000000, 0x0000000100000000)
  region size 1024K, 2 young (2048K), 2 survivors (2048K)
 Metaspace       used 71268K, committed 71680K, reserved 1114112K
  class space    used 9733K, committed 9920K, reserved 1048576K
}
Event: 2977.328 GC heap before
{Heap before GC invocations=235 (full 66):
 garbage-first heap   total 232448K, used 195464K [0x00000000c0000000, 0x0000000100000000)
  region size 1024K, 103 young (105472K), 2 survivors (2048K)
 Metaspace       used 71268K, committed 71680K, reserved 1114112K
  class space    used 9733K, committed 9920K, reserved 1048576K
}
Event: 2977.331 GC heap after
{Heap after GC invocations=236 (full 66):
 garbage-first heap   total 232448K, used 92051K [0x00000000c0000000, 0x0000000100000000)
  region size 1024K, 2 young (2048K), 2 survivors (2048K)
 Metaspace       used 71268K, committed 71680K, reserved 1114112K
  class space    used 9733K, committed 9920K, reserved 1048576K
}
Event: 2981.746 GC heap before
{Heap before GC invocations=236 (full 66):
 garbage-first heap   total 232448K, used 196499K [0x00000000c0000000, 0x0000000100000000)
  region size 1024K, 104 young (106496K), 2 survivors (2048K)
 Metaspace       used 71268K, committed 71680K, reserved 1114112K
  class space    used 9733K, committed 9920K, reserved 1048576K
}
Event: 2981.749 GC heap after
{Heap after GC invocations=237 (full 66):
 garbage-first heap   total 232448K, used 91736K [0x00000000c0000000, 0x0000000100000000)
  region size 1024K, 2 young (2048K), 2 survivors (2048K)
 Metaspace       used 71268K, committed 71680K, reserved 1114112K
  class space    used 9733K, committed 9920K, reserved 1048576K
}
Event: 2985.165 GC heap before
{Heap before GC invocations=237 (full 66):
 garbage-first heap   total 232448K, used 197208K [0x00000000c0000000, 0x0000000100000000)
  region size 1024K, 105 young (107520K), 2 survivors (2048K)
 Metaspace       used 71268K, committed 71680K, reserved 1114112K
  class space    used 9733K, committed 9920K, reserved 1048576K
}
Event: 2985.168 GC heap after
{Heap after GC invocations=238 (full 66):
 garbage-first heap   total 232448K, used 92216K [0x00000000c0000000, 0x0000000100000000)
  region size 1024K, 2 young (2048K), 2 survivors (2048K)
 Metaspace       used 71268K, committed 71680K, reserved 1114112K
  class space    used 9733K, committed 9920K, reserved 1048576K
}
Event: 2987.287 GC heap before
{Heap before GC invocations=238 (full 66):
 garbage-first heap   total 232448K, used 197688K [0x00000000c0000000, 0x0000000100000000)
  region size 1024K, 105 young (107520K), 2 survivors (2048K)
 Metaspace       used 71268K, committed 71680K, reserved 1114112K
  class space    used 9733K, committed 9920K, reserved 1048576K
}
Event: 2987.290 GC heap after
{Heap after GC invocations=239 (full 66):
 garbage-first heap   total 232448K, used 92430K [0x00000000c0000000, 0x0000000100000000)
  region size 1024K, 3 young (3072K), 3 survivors (3072K)
 Metaspace       used 71268K, committed 71680K, reserved 1114112K
  class space    used 9733K, committed 9920K, reserved 1048576K
}
Event: 3044.022 GC heap before
{Heap before GC invocations=239 (full 66):
 garbage-first heap   total 232448K, used 196878K [0x00000000c0000000, 0x0000000100000000)
  region size 1024K, 105 young (107520K), 3 survivors (3072K)
 Metaspace       used 71268K, committed 71680K, reserved 1114112K
  class space    used 9733K, committed 9920K, reserved 1048576K
}
Event: 3044.024 GC heap after
{Heap after GC invocations=240 (full 66):
 garbage-first heap   total 232448K, used 92345K [0x00000000c0000000, 0x0000000100000000)
  region size 1024K, 2 young (2048K), 2 survivors (2048K)
 Metaspace       used 71268K, committed 71680K, reserved 1114112K
  class space    used 9733K, committed 9920K, reserved 1048576K
}
Event: 3165.847 GC heap before
{Heap before GC invocations=240 (full 66):
 garbage-first heap   total 232448K, used 198841K [0x00000000c0000000, 0x0000000100000000)
  region size 1024K, 106 young (108544K), 2 survivors (2048K)
 Metaspace       used 71268K, committed 71680K, reserved 1114112K
  class space    used 9733K, committed 9920K, reserved 1048576K
}
Event: 3165.851 GC heap after
{Heap after GC invocations=241 (full 66):
 garbage-first heap   total 232448K, used 93361K [0x00000000c0000000, 0x0000000100000000)
  region size 1024K, 3 young (3072K), 3 survivors (3072K)
 Metaspace       used 71268K, committed 71680K, reserved 1114112K
  class space    used 9733K, committed 9920K, reserved 1048576K
}

